Build started 28/09/2015 23:56:18.
     1>Project "C:\Users\Ross\Documents\Visual Studio 2015\Projects\OpenCVTest\OpenCVTest\OpenCVTest.vcxproj" on node 2 (Build target(s)).
     1>Link:
         C:\Program Files (x86)\Microsoft Visual Studio 14.0\VC\bin\x86_amd64\link.exe /ERRORREPORT:PROMPT /OUT:"C:\Users\Ross\Documents\Visual Studio 2015\Projects\OpenCVTest\x64\Debug\OpenCVTest.exe" /INCREMENTAL /NOLOGO opencv_ts300d.lib opencv_world300d.lib kernel32.lib user32.lib gdi32.lib winspool.lib comdlg32.lib advapi32.lib shell32.lib ole32.lib oleaut32.lib uuid.lib odbc32.lib odbccp32.lib /MANIFEST /MANIFESTUAC:"level='asInvoker' uiAccess='false'" /manifest:embed /Debug /PDB:"C:\Users\Ross\Documents\Visual Studio 2015\Projects\OpenCVTest\x64\Debug\OpenCVTest.pdb" /SUBSYSTEM:CONSOLE /TLBID:1 /DYNAMICBASE /NXCOMPAT /IMPLIB:"C:\Users\Ross\Documents\Visual Studio 2015\Projects\OpenCVTest\x64\Debug\OpenCVTest.lib" /MACHINE:X64 x64\Debug\Source.obj
     1>opencv_world300d.lib(opencv_world300d.dll) : fatal error LNK1112: module machine type 'X86' conflicts with target machine type 'x64'
     1>Done Building Project "C:\Users\Ross\Documents\Visual Studio 2015\Projects\OpenCVTest\OpenCVTest\OpenCVTest.vcxproj" (Build target(s)) -- FAILED.

Build FAILED.

Time Elapsed 00:00:00.76
